{
  "numFailedTestSuites": 0,
  "numFailedTests": 0,
  "numPassedTestSuites": 2,
  "numPassedTests": 2,
  "numPendingTestSuites": 0,
  "numPendingTests": 0,
  "numRuntimeErrorTestSuites": 0,
  "numTotalTestSuites": 2,
  "numTotalTests": 2,
  "snapshot": {
    "added": 0,
    "failure": false,
    "filesAdded": 0,
    "filesRemoved": 0,
    "filesUnmatched": 0,
    "filesUpdated": 0,
    "matched": 0,
    "total": 0,
    "unchecked": 0,
    "unmatched": 0,
    "updated": 0
  },
  "startTime": 1492494203067,
  "success": true,
  "testResults": [
    {
      "assertionResults": [{
        "failureMessages": [],
        "status": "passed",
        "title": "sum of 1 and 2"
      }],
      "endTime": 1492494203839,
      "message": "",
      "name": "/home/roman/.atom/packages/tester-jest/sample/sum.spec.js",
      "startTime": 1492494203666,
      "status": "passed",
      "summary": ""
    },
    {
      "assertionResults": [{
        "failureMessages": [],
        "status": "passed",
        "title": "string are equals"
      }],
      "endTime": 1492494203884,
      "message": "",
      "name": "/home/roman/.atom/packages/tester-jest/sample/some.spec.js",
      "startTime": 1492494203848,
      "status": "passed",
      "summary": ""
    }
  ],
  "wasInterrupted": false
}
